19:57:34,99 urllib3.connectionpool DEBUG Starting new HTTPS connection (1): orthodoxbiblestudy.info:443
19:57:35,738 urllib3.connectionpool DEBUG https://orthodoxbiblestudy.info:443 "GET / HTTP/11" 200 None
19:57:56,565 urllib3.connectionpool DEBUG Starting new HTTPS connection (1): orthodoxbiblestudy.info:443
19:57:57,959 urllib3.connectionpool DEBUG https://orthodoxbiblestudy.info:443 "GET / HTTP/11" 200 None
19:58:02,983 root INFO Downloading Welcometo Search the Scriptures!... 
19:58:02,984 root INFO Welcometo Search the Scriptures! already exists
19:58:04,198 root INFO Downloading TheChurch Fathers (Part1)... 
19:58:04,198 root INFO TheChurch Fathers (Part1) already exists
19:58:05,244 root INFO Downloading TheChurch Fathers (Part2)... 
19:58:05,244 root INFO TheChurch Fathers (Part2) already exists
19:58:06,813 root INFO Downloading TheChurch Fathers (Part 3)... 
19:58:06,813 root INFO TheChurch Fathers (Part 3) already exists
19:58:08,150 root INFO Downloading Overview... 
19:58:08,150 root INFO Overview already exists
19:58:09,350 root INFO Downloading Inspirationand Inerrancy (Part1)... 
19:58:09,350 root INFO Inspirationand Inerrancy (Part1) already exists
19:58:10,533 root INFO Downloading Inspirationand Inerrancy (Part2)... 
19:58:10,552 root INFO Inspirationand Inerrancy (Part2) already exists
19:58:11,834 root INFO Downloading The OralTradition... 
19:58:11,834 root INFO The OralTradition already exists
19:58:13,170 root INFO Downloading BibleManuscripts (Part 1)... 
19:58:13,170 root INFO BibleManuscripts (Part 1) already exists
19:58:14,351 root INFO Downloading BibleManuscripts (Part 2)... 
19:58:14,351 root INFO BibleManuscripts (Part 2) already exists
19:58:16,698 root INFO Downloading BibleManuscripts (Part 3)... 
19:58:16,698 root INFO BibleManuscripts (Part 3) already exists
19:58:17,839 root INFO Downloading The Septuagint... 
19:58:17,839 root INFO The Septuagint already exists
19:58:19,268 root INFO Downloading The Canon(Part 1)... 
19:58:19,268 root INFO The Canon(Part 1) already exists
19:58:20,387 root INFO link for The Canon(Part 2) doesn't seem to be an audio file 
19:58:21,837 root INFO Downloading The Canon(Part 3)... 
19:58:21,837 root INFO The Canon(Part 3) already exists
19:58:23,275 root INFO Downloading The Canon(Part 4)... 
19:58:23,275 root INFO The Canon(Part 4) already exists
19:58:24,542 root INFO Downloading TheApocrypha (Part 1)... 
19:58:24,542 root INFO TheApocrypha (Part 1) already exists
19:58:25,616 root INFO Downloading TheApocrypha (Part 2)... 
19:58:25,616 root INFO TheApocrypha (Part 2) already exists
19:58:26,959 root INFO link for The Canon(Part 5) doesn't seem to be an audio file 
19:58:27,966 root INFO link for Translationsand Versions doesn't seem to be an audio file 
19:58:29,89 root INFO link for PatristicInterpretation (Part 1) doesn't seem to be an audio file 
19:58:30,422 root INFO link for PatristicInterpretation (Part 2) doesn't seem to be an audio file 
19:58:31,589 root INFO Downloading PatristicInterpretation (Part 3)... 
19:58:31,589 root INFO PatristicInterpretation (Part 3) already exists
19:58:32,802 root INFO Downloading Schoolof Alexandria (Part 1)... 
19:58:32,802 root INFO Schoolof Alexandria (Part 1) already exists
19:58:34,271 root INFO link for Schoolof Alexandria (Part 2) doesn't seem to be an audio file 
19:58:35,491 root INFO Downloading St.Basil and St. Gregory... 
19:58:35,491 root INFO St.Basil and St. Gregory already exists
19:58:36,913 root INFO Downloading Schoolof Antioch (Part 1)... 
19:58:36,913 root INFO Schoolof Antioch (Part 1) already exists
19:58:38,295 root INFO link for Schoolof Antioch (Part 2) doesn't seem to be an audio file 
19:58:40,135 root INFO Downloading St.John Chrysostom: Anti-Semite?... 
19:58:40,135 root INFO St.John Chrysostom: Anti-Semite? already exists
19:58:41,524 root INFO Downloading St. Ambroseof Milan... 
19:58:41,524 root INFO St. Ambroseof Milan already exists
19:58:42,873 root INFO Downloading St.Augustine and St. Jerome... 
19:58:42,873 root INFO St.Augustine and St. Jerome already exists
19:58:44,607 root INFO Downloading Introductionto Genesis... 
19:58:44,607 root INFO Introductionto Genesis already exists
19:58:45,910 root INFO Downloading Genesis (Part 1)... 
19:58:45,910 root INFO Genesis (Part 1) already exists
19:58:48,744 root INFO link for Genesis (Part 2) doesn't seem to be an audio file 
19:58:50,123 root INFO link for Genesis (Part 3) doesn't seem to be an audio file 
19:58:51,535 root INFO Downloading Genesis (Part 4)... 
19:58:51,536 root INFO Genesis (Part 4) already exists
19:58:53,148 root INFO Downloading Genesis (Part 5)... 
19:58:53,148 root INFO Genesis (Part 5) already exists
19:58:54,588 root INFO link for Genesis (Part 6) doesn't seem to be an audio file 
19:58:56,61 root INFO Downloading Genesis (Part 7)... 
19:58:56,75 root INFO Genesis (Part 7) already exists
19:58:57,250 root INFO link for Genesis (Part 8) doesn't seem to be an audio file 
19:58:59,198 root INFO link for Genesis (Part 9) doesn't seem to be an audio file 
19:59:00,816 root INFO link for Genesis (Part10) doesn't seem to be an audio file 
19:59:02,268 root INFO link for Genesis (Part 11) doesn't seem to be an audio file 
19:59:04,22 root INFO link for Genesis (Part 12) doesn't seem to be an audio file 
19:59:05,456 root INFO link for Genesis (Part 13) doesn't seem to be an audio file 
19:59:06,978 root INFO link for Genesis (Part 14) doesn't seem to be an audio file 
19:59:08,411 root INFO link for Genesis (Part 15) doesn't seem to be an audio file 
19:59:09,760 root INFO link for Genesis (Part16) doesn't seem to be an audio file 
19:59:11,278 root INFO link for Genesis (Part 17) doesn't seem to be an audio file 
19:59:12,712 root INFO link for Genesis (Part18) doesn't seem to be an audio file 
19:59:14,149 root INFO link for Genesis - Abraham (Part 1) doesn't seem to be an audio file 
19:59:15,579 root INFO link for Genesis - Abraham (Part 2) doesn't seem to be an audio file 
19:59:17,14 root INFO link for Genesis - Abraham (Part 3) doesn't seem to be an audio file 
19:59:18,344 root INFO link for Genesis - Sacrifice of Isaac (Part 1) doesn't seem to be an audio file 
19:59:20,1 root INFO link for Genesis - Sacrifice of Isaac (Part 2) doesn't seem to be an audio file 
19:59:21,921 root INFO Downloading Genesis - Isaac and Jacob ... 
19:59:21,963 root INFO Finished!
19:59:24,7 root INFO Downloading Genesis - Joseph (Part 1)... 
19:59:24,46 root INFO Finished!
19:59:26,573 root INFO Downloading Genesis - Joseph (Part 2)... 
19:59:26,628 root INFO Finished!
19:59:30,209 root INFO Downloading Genesis -Conclusion... 
19:59:30,275 root INFO Finished!
19:59:32,490 root INFO link for Introductionto Exodus doesn't seem to be an audio file 
19:59:34,335 root INFO link for Exodus (Part 2) doesn't seem to be an audio file 
19:59:37,39 root INFO Downloading Exodus (Part 3)... 
19:59:37,83 root INFO Finished!
19:59:39,445 root INFO Downloading Exodus (Part 4)... 
19:59:39,489 root INFO Finished!
19:59:42,980 root INFO Downloading Exodus (Part 5)... 
19:59:43,8 root INFO Finished!
19:59:45,279 root INFO Downloading Exodus (Part 6)... 
19:59:45,326 root INFO Finished!
19:59:47,649 root INFO Downloading Exodus (Part 7)... 
19:59:47,686 root INFO Finished!
19:59:49,877 root INFO Downloading Exodus (Part 8)... 
19:59:49,916 root INFO Finished!
19:59:52,238 root INFO Downloading Exodus (Part 9)... 
19:59:52,269 root INFO Finished!
19:59:54,605 root INFO Downloading Exodus (Part10)... 
19:59:54,635 root INFO Finished!
19:59:57,562 root INFO link for Exodus (Part 11) doesn't seem to be an audio file 
19:59:59,407 root INFO link for Exodus (Part 12) doesn't seem to be an audio file 
20:00:01,352 root INFO link for Leviticus(Part 1) doesn't seem to be an audio file 
20:00:03,94 root INFO link for Leviticus(Part 2) doesn't seem to be an audio file 
20:00:04,629 root INFO link for Leviticus(Part 3) doesn't seem to be an audio file 
20:00:06,269 root INFO link for Leviticus(Part 4) doesn't seem to be an audio file 
20:00:07,905 root INFO link for Leviticus(Part 5) doesn't seem to be an audio file 
20:00:09,441 root INFO link for Leviticus(Part 6) doesn't seem to be an audio file 
20:00:11,185 root INFO link for Leviticus(Part 7) doesn't seem to be an audio file 
20:00:12,679 root INFO link for Leviticus(Part 8) doesn't seem to be an audio file 
20:00:14,255 root INFO link for Numbers (Part 1) doesn't seem to be an audio file 
20:00:15,740 root INFO link for Numbers (Part 2) doesn't seem to be an audio file 
20:00:17,230 root INFO link for Numbers (Part 3) doesn't seem to be an audio file 
20:00:18,641 root INFO link for Numbers& Deuteronomy doesn't seem to be an audio file 
20:00:20,854 root INFO Downloading Deuteronomy(Part 1)... 
20:00:20,901 root INFO Finished!
20:00:23,441 root INFO Downloading Apostolic Faith and Apostolic Doubt... 
20:00:23,476 root INFO Finished!
20:00:25,518 root INFO link for Joshua(Part 1) doesn't seem to be an audio file 
20:00:27,21 root INFO link for Joshua(Part 2) doesn't seem to be an audio file 
20:00:28,575 root INFO link for Joshua(Part 3) doesn't seem to be an audio file 
20:00:30,146 root INFO link for Joshua (Part4) doesn't seem to be an audio file 
20:00:32,370 root INFO Downloading Judges(Part 1)... 
20:00:32,403 root INFO Finished!
20:00:34,601 root INFO Downloading Judges(Part 2)... 
20:00:34,637 root INFO Finished!
20:00:37,95 root INFO Downloading Ruth... 
20:00:37,140 root INFO Finished!
20:00:39,459 root INFO Downloading Samueland Hannah (Part 1)... 
20:00:39,498 root INFO Finished!
20:00:41,770 root INFO link for Samueland Hannah (Part 2) doesn't seem to be an audio file 
20:00:43,337 root INFO link for Samueland Hannah (Part 3) doesn't seem to be an audio file 
20:00:45,490 root INFO Downloading Samuel andHannah (Part 4)... 
20:00:45,519 root INFO Finished!
20:00:47,659 root INFO Downloading Saul andDavid (Part 1)... 
20:00:47,699 root INFO Finished!
20:00:49,883 root INFO Downloading Saul andDavid (Part 2)... 
20:00:49,925 root INFO Finished!
20:00:52,30 root INFO Downloading Saul andDavid (Part 3)... 
20:00:52,68 root INFO Finished!
20:00:54,191 root INFO link for Saul andDavid (Part 4) doesn't seem to be an audio file 
20:00:56,240 root INFO link for David doesn't seem to be an audio file 
20:00:58,372 root INFO Downloading DavidandBathsheba (Part 1)... 
20:00:58,406 root INFO Finished!
20:01:00,556 root INFO Downloading DavidandBathsheba (Part 2)... 
20:01:00,591 root INFO Finished!
20:01:02,930 root INFO link for Solomon(Part 1)  doesn't seem to be an audio file 
20:01:04,534 root INFO link for Solomon(Part 2) doesn't seem to be an audio file 
20:01:06,65 root INFO link for Solomonand Kings doesn't seem to be an audio file 
20:01:07,707 root INFO link for Elijah(Part 1) doesn't seem to be an audio file 
20:01:09,218 root INFO link for Elijah(Part 2) doesn't seem to be an audio file 
20:01:11,55 root INFO link for Elijah (Part 3) doesn't seem to be an audio file 
20:01:12,521 root INFO link for  doesn't seem to be an audio file 
20:01:13,953 root INFO link for Intro to the Prophets (Part 1) doesn't seem to be an audio file 
20:01:15,389 root INFO link for Intro to the Prophets (Part 2) doesn't seem to be an audio file 
20:01:17,122 root INFO link for Isaiah 53(Part 1) doesn't seem to be an audio file 
20:01:19,558 root INFO Downloading Isaiah 53 (Part 2)... 
20:01:19,612 root INFO Finished!
20:01:22,165 root INFO Downloading Intro to Isaiah... 
20:01:22,216 root INFO Finished!
20:01:24,239 root INFO link for Isaiah 5 and 6 doesn't seem to be an audio file 
20:01:26,141 root INFO link for Isaiah 6 (Part 1) doesn't seem to be an audio file 
20:01:28,622 root INFO Downloading Isaiah 6 (Part 2)... 
20:01:28,678 root INFO Finished!
20:01:31,180 root INFO Downloading Isaiah 6 (Part 3)... 
20:01:31,234 root INFO Finished!
20:01:33,608 root INFO Downloading Isaiah 7 (Part 1)... 
20:01:33,662 root INFO Finished!
20:01:36,51 root INFO Downloading Isaiah 7 (Part 2)... 
20:01:36,108 root INFO Finished!
20:01:38,697 root INFO Downloading Isaiah 7 (Part 3)... 
20:01:38,738 root INFO Finished!
20:01:42,349 root INFO Downloading Isaiah 7 (Part 4)... 
20:01:42,399 root INFO Finished!
20:01:44,676 root INFO Downloading Isaiah 9... 
20:01:44,711 root INFO Finished!
20:01:48,174 root INFO Downloading Messianic Prophecies... 
20:01:48,223 root INFO Finished!
20:01:50,492 root INFO Downloading Isaiah 45... 
20:01:50,558 root INFO Finished!
20:01:52,954 root INFO Downloading Jeremiah (Part 1)... 
20:01:53,7 root INFO Finished!
20:01:55,617 root INFO Downloading Jeremiah (Part2)... 
20:01:55,671 root INFO Finished!
20:01:58,60 root INFO Downloading Jeremiah (Part 3)... 
20:01:58,111 root INFO Finished!
20:02:00,471 root INFO Downloading Jeremiah (Part 4)... 
20:02:00,523 root INFO Finished!
20:02:02,955 root INFO Downloading Jeremiah (Part 5)... 
20:02:03,11 root INFO Finished!
20:02:05,480 root INFO Downloading Jeremiah (Part 6)... 
20:02:05,540 root INFO Finished!
20:02:08,46 root INFO Downloading ... 
20:02:08,94 root INFO Finished!
20:02:10,516 root INFO Downloading Ezekiel (Part 2)... 
20:02:10,570 root INFO Finished!
20:02:13,386 root INFO Downloading Ezekiel (Part 3)... 
20:02:13,434 root INFO Finished!
20:02:16,521 root INFO Downloading Ezekiel (Part 4)... 
20:02:16,578 root INFO Finished!
20:02:19,624 root INFO Downloading Ezekiel (Part 5)... 
20:02:19,693 root INFO Finished!
20:02:22,443 root INFO Downloading Ezekiel (Part 6)... 
20:02:22,499 root INFO Finished!
20:02:25,847 root INFO Downloading Ezekiel (Part 7 On Corrupt Clergy)... 
20:02:25,932 root INFO Finished!
20:02:29,168 root INFO Downloading Ezekiel (Part 8 On Corrupt Clergy)... 
20:02:29,238 root INFO Finished!
20:02:40,863 root INFO Downloading Ezekiel (Part 9 On Corrupt Clergy)... 
20:02:41,42 root INFO Finished!
20:02:51,728 root INFO Downloading Ezekiel (Part 10 On Corrupt Clergy)... 
20:02:51,820 root INFO Finished!
20:03:00,923 root INFO Downloading Ezekiel (Part 11 On Corrupt Clergy)... 
20:03:01,5 root INFO Finished!
20:03:04,173 root INFO Downloading Introduction to the First Live Show... 
20:03:04,270 root INFO Finished!
20:03:07,577 root INFO Downloading The Gospel of John (Part 2)... 
20:03:07,680 root INFO Finished!
20:03:10,743 root INFO Downloading The Gospel of John (Part 3)... 
20:03:10,844 root INFO Finished!
20:03:15,209 root INFO Downloading TheGospel of John (Part4)... 
20:03:15,414 root INFO Finished!
20:03:21,905 root INFO Downloading John 1:1 - Logos... 
20:03:22,217 root INFO Finished!
20:03:27,764 root INFO Downloading Prologue to the Gospel of John ... 
20:03:28,87 root INFO Finished!
20:25:28,372 urllib3.connectionpool DEBUG Starting new HTTPS connection (1): orthodoxbiblestudy.info:443
20:25:29,571 urllib3.connectionpool DEBUG https://orthodoxbiblestudy.info:443 "GET / HTTP/11" 200 None
20:26:19,228 urllib3.connectionpool DEBUG Starting new HTTPS connection (1): orthodoxbiblestudy.info:443
20:26:20,363 urllib3.connectionpool DEBUG https://orthodoxbiblestudy.info:443 "GET / HTTP/11" 200 None
20:26:27,592 urllib3.connectionpool DEBUG Starting new HTTPS connection (1): orthodoxbiblestudy.info:443
20:26:28,764 urllib3.connectionpool DEBUG https://orthodoxbiblestudy.info:443 "GET / HTTP/11" 200 None
20:26:45,844 urllib3.connectionpool DEBUG Starting new HTTPS connection (1): orthodoxbiblestudy.info:443
20:26:47,207 urllib3.connectionpool DEBUG https://orthodoxbiblestudy.info:443 "GET / HTTP/11" 200 None
20:32:27,959 urllib3.connectionpool DEBUG Starting new HTTPS connection (1): orthodoxbiblestudy.info:443
20:32:30,128 urllib3.connectionpool DEBUG https://orthodoxbiblestudy.info:443 "GET / HTTP/11" 200 None
20:41:20,734 urllib3.connectionpool DEBUG Starting new HTTPS connection (1): orthodoxbiblestudy.info:443
20:41:23,350 urllib3.connectionpool DEBUG https://orthodoxbiblestudy.info:443 "GET / HTTP/11" 200 None
20:42:25,70 urllib3.connectionpool DEBUG Starting new HTTPS connection (1): orthodoxbiblestudy.info:443
20:42:26,655 urllib3.connectionpool DEBUG https://orthodoxbiblestudy.info:443 "GET / HTTP/11" 200 None
20:43:34,200 root INFO Downloading The Canon(Part 5)... 
20:43:34,274 root INFO Finished!
20:44:00,656 root INFO Downloading PatristicInterpretation (Part 2)... 
20:44:00,693 root INFO Finished!
20:44:20,59 root INFO Downloading Genesis (Part 2)... 
20:44:20,91 root INFO Finished!
20:44:39,76 root INFO Downloading Genesis (Part 3)... 
20:44:39,114 root INFO Finished!
20:45:22,217 root INFO Downloading Genesis (Part10)... 
20:45:22,334 root INFO Finished!
20:47:22,590 asyncio DEBUG Using selector: KqueueSelector
20:47:22,607 urllib3.connectionpool DEBUG Starting new HTTPS connection (1): orthodoxbiblestudy.info:443
20:47:23,717 urllib3.connectionpool DEBUG https://orthodoxbiblestudy.info:443 "GET / HTTP/11" 200 None
20:48:48,964 asyncio DEBUG Using selector: KqueueSelector
20:48:48,976 urllib3.connectionpool DEBUG Starting new HTTPS connection (1): orthodoxbiblestudy.info:443
20:48:50,40 urllib3.connectionpool DEBUG https://orthodoxbiblestudy.info:443 "GET / HTTP/11" 200 None
20:48:53,290 __main__ INFO Downloading Genesis (Part 11)... 
20:48:53,327 __main__ INFO Finished!
20:48:56,765 __main__ INFO Downloading Genesis (Part 12)... 
20:48:56,810 __main__ INFO Finished!
20:48:59,834 __main__ INFO Downloading Genesis (Part 13)... 
20:48:59,868 __main__ INFO Finished!
20:49:02,787 __main__ INFO Downloading Genesis (Part 14)... 
20:49:02,968 __main__ INFO Finished!
20:49:07,974 __main__ INFO Downloading Genesis (Part 15)... 
20:49:08,20 __main__ INFO Finished!
20:49:10,907 __main__ INFO Downloading Genesis (Part16)... 
20:49:10,948 __main__ INFO Finished!
20:49:13,544 __main__ INFO Downloading Genesis (Part 17)... 
20:49:13,587 __main__ INFO Finished!
20:49:15,916 __main__ INFO Downloading Genesis (Part18)... 
20:49:15,935 __main__ INFO Finished!
20:49:19,364 __main__ INFO Downloading Genesis - Abraham (Part 1)... 
20:49:19,412 __main__ INFO Finished!
20:49:22,246 __main__ INFO Downloading Genesis - Abraham (Part 2)... 
20:49:22,285 __main__ INFO Finished!
20:49:25,595 __main__ INFO Downloading Genesis - Abraham (Part 3)... 
20:49:25,655 __main__ INFO Finished!
20:49:28,439 __main__ INFO Downloading Genesis - Sacrifice of Isaac (Part 1)... 
20:49:28,477 __main__ INFO Finished!
20:49:31,162 __main__ INFO Downloading Genesis - Sacrifice of Isaac (Part 2)... 
20:49:31,185 __main__ INFO Finished!
20:49:34,72 __main__ INFO Downloading Introductionto Exodus... 
20:49:34,109 __main__ INFO Finished!
20:49:37,307 __main__ INFO Downloading Exodus (Part 2)... 
20:49:37,340 __main__ INFO Finished!
20:49:40,479 __main__ INFO Downloading Exodus (Part 11)... 
20:49:40,520 __main__ INFO Finished!
20:49:43,437 __main__ INFO Downloading Exodus (Part 12)... 
20:49:43,500 __main__ INFO Finished!
20:49:47,386 __main__ INFO Downloading Leviticus(Part 1)... 
20:49:47,428 __main__ INFO Finished!
20:49:50,605 __main__ INFO Downloading Leviticus(Part 2)... 
20:49:50,634 __main__ INFO Finished!
20:49:53,534 __main__ INFO Downloading Leviticus(Part 3)... 
20:49:53,567 __main__ INFO Finished!
20:49:56,999 __main__ INFO Downloading Leviticus(Part 4)... 
20:49:57,47 __main__ INFO Finished!
20:50:00,333 __main__ INFO Downloading Leviticus(Part 5)... 
20:50:00,361 __main__ INFO Finished!
20:50:03,643 __main__ INFO Downloading Leviticus(Part 6)... 
20:50:03,676 __main__ INFO Finished!
20:50:07,386 __main__ INFO Downloading Leviticus(Part 7)... 
20:50:07,486 __main__ INFO Finished!
20:50:11,742 __main__ INFO Downloading Leviticus(Part 8)... 
20:50:11,796 __main__ INFO Finished!
20:50:14,955 __main__ INFO Downloading Numbers (Part 1)... 
20:50:14,992 __main__ INFO Finished!
20:50:18,101 __main__ INFO Downloading Numbers (Part 2)... 
20:50:18,138 __main__ INFO Finished!
20:50:21,34 __main__ INFO Downloading Numbers (Part 3)... 
20:50:21,73 __main__ INFO Finished!
20:50:24,518 __main__ INFO Downloading Numbers& Deuteronomy... 
20:50:24,557 __main__ INFO Finished!
20:50:27,762 __main__ INFO Downloading Joshua(Part 1)... 
20:50:27,799 __main__ INFO Finished!
20:50:30,923 __main__ INFO Downloading Joshua(Part 2)... 
20:50:30,954 __main__ INFO Finished!
20:50:34,115 __main__ INFO Downloading Joshua(Part 3)... 
20:50:34,171 __main__ INFO Finished!
20:50:37,207 __main__ INFO Downloading Joshua (Part4)... 
20:50:37,246 __main__ INFO Finished!
20:50:41,564 __main__ INFO Downloading Samueland Hannah (Part 2)... 
20:50:41,598 __main__ INFO Finished!
20:50:44,429 __main__ INFO Downloading Samueland Hannah (Part 3)... 
20:50:44,463 __main__ INFO Finished!
20:50:47,300 __main__ INFO Downloading Saul andDavid (Part 4)... 
20:50:47,343 __main__ INFO Finished!
20:50:50,444 __main__ INFO Downloading David... 
20:50:50,476 __main__ INFO Finished!
20:50:55,150 __main__ INFO Downloading Solomon(Part 1) ... 
20:50:55,247 __main__ INFO Finished!
20:50:59,431 __main__ INFO Downloading Solomon(Part 2)... 
20:50:59,530 __main__ INFO Finished!
20:51:04,741 __main__ INFO Downloading Solomonand Kings... 
20:51:04,843 __main__ INFO Finished!
20:51:09,213 __main__ INFO Downloading Elijah(Part 1)... 
20:51:09,314 __main__ INFO Finished!
20:51:13,527 __main__ INFO Downloading Elijah(Part 2)... 
20:51:13,617 __main__ INFO Finished!
20:51:18,928 __main__ INFO Downloading Elijah (Part 3)... 
20:51:19,37 __main__ INFO Finished!
20:51:22,671 __main__ INFO Downloading Intro to the Prophets (Part 1)... 
20:51:22,729 __main__ INFO Finished!
20:51:26,947 __main__ INFO Downloading Intro to the Prophets (Part 2)... 
20:51:27,8 __main__ INFO Finished!
20:51:30,907 __main__ INFO Downloading Isaiah 53(Part 1)... 
20:51:30,958 __main__ INFO Finished!
20:51:34,525 __main__ INFO Downloading Isaiah 5 and 6... 
20:51:34,592 __main__ INFO Finished!
20:51:38,332 __main__ INFO Downloading Isaiah 6 (Part 1)... 
20:51:38,391 __main__ INFO Finished!
20:56:18,467 asyncio DEBUG Using selector: KqueueSelector
20:56:18,480 urllib3.connectionpool DEBUG Starting new HTTPS connection (1): orthodoxbiblestudy.info:443
20:56:19,579 urllib3.connectionpool DEBUG https://orthodoxbiblestudy.info:443 "GET / HTTP/11" 200 None
20:57:02,217 asyncio DEBUG Using selector: KqueueSelector
20:57:02,227 urllib3.connectionpool DEBUG Starting new HTTPS connection (1): orthodoxbiblestudy.info:443
20:57:03,204 urllib3.connectionpool DEBUG https://orthodoxbiblestudy.info:443 "GET / HTTP/11" 200 None
20:57:04,958 __main__ ERROR Error fetching download link: https://media.ancientfaith.com/searchthescriptureslive/stsl_2018-10-22.mp3?download %20https://media.ancientfaith.com/searchthescriptureslive/stsl_2018-10-22.mp3?download
20:57:25,512 asyncio DEBUG Using selector: KqueueSelector
20:57:25,524 urllib3.connectionpool DEBUG Starting new HTTPS connection (1): orthodoxbiblestudy.info:443
20:57:26,478 urllib3.connectionpool DEBUG https://orthodoxbiblestudy.info:443 "GET / HTTP/11" 200 None
20:57:27,936 __main__ ERROR Error fetching download link: https://media.ancientfaith.com/searchthescriptureslive/stsl_2018-10-22.mp3?download See error: %20https://media.ancientfaith.com/searchthescriptureslive/stsl_2018-10-22.mp3?download
21:00:13,16 asyncio DEBUG Using selector: KqueueSelector
21:00:13,32 urllib3.connectionpool DEBUG Starting new HTTPS connection (1): orthodoxbiblestudy.info:443
21:00:14,78 urllib3.connectionpool DEBUG https://orthodoxbiblestudy.info:443 "GET / HTTP/11" 200 None
21:00:15,622 __main__ ERROR Error fetching download John 1 - John the Baptist link: https://media.ancientfaith.com/searchthescriptureslive/stsl_2018-10-22.mp3?download See error: %20https://media.ancientfaith.com/searchthescriptureslive/stsl_2018-10-22.mp3?download
21:00:16,365 __main__ ERROR Error fetching download John 1: Conclusion link: https://media.ancientfaith.com/searchthescriptureslive/stsl_2018-10-29.mp3?download See error: %20https://media.ancientfaith.com/searchthescriptureslive/stsl_2018-10-29.mp3?download
21:00:27,912 __main__ INFO Downloading John 2 - Water Into Wine... 
21:00:28,239 __main__ INFO Finished!
21:00:42,190 __main__ INFO Downloading Jesus Cleanses The Temple... 
21:00:42,550 __main__ INFO Finished!
21:01:40,363 asyncio DEBUG Using selector: KqueueSelector
21:01:40,372 urllib3.connectionpool DEBUG Starting new HTTPS connection (1): orthodoxbiblestudy.info:443
21:01:41,439 urllib3.connectionpool DEBUG https://orthodoxbiblestudy.info:443 "GET / HTTP/11" 200 None
21:01:43,8 __main__ ERROR Error fetching download John 1 - John the Baptist link: https://media.ancientfaith.com/searchthescriptureslive/stsl_2018-10-22.mp3?download See error: %20https://media.ancientfaith.com/searchthescriptureslive/stsl_2018-10-22.mp3?download
21:01:43,756 __main__ ERROR Error fetching download John 1: Conclusion link: https://media.ancientfaith.com/searchthescriptureslive/stsl_2018-10-29.mp3?download See error: %20https://media.ancientfaith.com/searchthescriptureslive/stsl_2018-10-29.mp3?download
21:01:52,68 __main__ INFO Downloading John 2 Wrap Up... 
21:01:52,315 __main__ INFO Finished!
21:01:53,408 __main__ ERROR Error fetching download John 3:1-16 link: https://media.ancientfaith.com/searchthescriptureslive/stsl_2018-11-26.mp3?download See error: %20https://media.ancientfaith.com/searchthescriptureslive/stsl_2018-11-26.mp3?download
21:01:59,874 __main__ INFO Downloading John 3... 
21:02:00,23 __main__ INFO Finished!
21:02:00,928 __main__ ERROR Error fetching download  John 4:1-15 link: https://media.ancientfaith.com/searchthescriptureslive/stsl_2018-12-10.mp3?download See error: %20https://media.ancientfaith.com/searchthescriptureslive/stsl_2018-12-10.mp3?download
21:02:01,753 __main__ ERROR Error fetching download John 4 – The Samaritans link: https://media.ancientfaith.com/searchthescriptureslive/stsl_2018-12-17.mp3?download See error: %20https://media.ancientfaith.com/searchthescriptureslive/stsl_2018-12-17.mp3?download
21:02:02,511 __main__ ERROR Error fetching download John 5 link: https://media.ancientfaith.com/searchthescriptureslive/stsl_2018-01-07.mp3?download See error: %20https://media.ancientfaith.com/searchthescriptureslive/stsl_2018-01-07.mp3?download
21:02:03,430 __main__ ERROR Error fetching download John 5:16-47 link: https://media.ancientfaith.com/searchthescriptureslive/stsl_2019-01-14.mp3?download See error: %20https://media.ancientfaith.com/searchthescriptureslive/stsl_2019-01-14.mp3?download
21:02:04,230 __main__ ERROR Error fetching download John 6 link: https://media.ancientfaith.com/searchthescriptureslive/stsl_2019-01-21.mp3?download See error: %20https://media.ancientfaith.com/searchthescriptureslive/stsl_2019-01-21.mp3?download
21:02:05,20 __main__ ERROR Error fetching download John 6 – Walking on Water link: https://media.ancientfaith.com/searchthescriptureslive/stsl_2019-01-28.mp3?download See error: %20https://media.ancientfaith.com/searchthescriptureslive/stsl_2019-01-28.mp3?download
21:02:05,728 __main__ ERROR Error fetching download John 6 – Bread of Life link: https://media.ancientfaith.com/searchthescriptureslive/stsl_2019-02-04.mp3?download See error: %20https://media.ancientfaith.com/searchthescriptureslive/stsl_2019-02-04.mp3?download
21:02:06,432 __main__ ERROR Error fetching download John 7 – Feast of Tabernacles link: https://media.ancientfaith.com/searchthescriptureslive/stsl_2019-02-11.mp3?download See error: %20https://media.ancientfaith.com/searchthescriptureslive/stsl_2019-02-11.mp3?download
21:02:07,206 __main__ ERROR Error fetching download John 7 (Part 2) link: https://media.ancientfaith.com/searchthescriptureslive/stsl_2019-02-18.mp3?download See error: %20https://media.ancientfaith.com/searchthescriptureslive/stsl_2019-02-18.mp3?download
21:02:07,896 __main__ ERROR Error fetching download John 7 (Part 3) link: https://media.ancientfaith.com/searchthescriptureslive/stsl_2019-02-25.mp3?download See error: %20https://media.ancientfaith.com/searchthescriptureslive/stsl_2019-02-25.mp3?download
21:02:08,560 __main__ ERROR Error fetching download John 8:1-11 link: https://media.ancientfaith.com/searchthescriptureslive/stsl_2019-03-04.mp3?download See error: %20https://media.ancientfaith.com/searchthescriptureslive/stsl_2019-03-04.mp3?download
21:02:09,346 __main__ ERROR Error fetching download The Healing of the Blind Man link: https://media.ancientfaith.com/searchthescriptureslive/stsl_2019-03-11.mp3?download See error: %20https://media.ancientfaith.com/searchthescriptureslive/stsl_2019-03-11.mp3?download
21:02:10,0 __main__ ERROR Error fetching download The Good Shepherd link: https://media.ancientfaith.com/searchthescriptureslive/stsl_2019-03-18.mp3?download See error: %20https://media.ancientfaith.com/searchthescriptureslive/stsl_2019-03-18.mp3?download
21:02:10,777 __main__ ERROR Error fetching download The Raising of Lazarus link: https://media.ancientfaith.com/searchthescriptureslive/stsl_2019-03-25.mp3?download See error: %20https://media.ancientfaith.com/searchthescriptureslive/stsl_2019-03-25.mp3?download
21:02:11,512 __main__ ERROR Error fetching download The Anointing of Christ’s Feet link: https://media.ancientfaith.com/searchthescriptureslive/stsl_2019-04-01.mp3?download See error: %20https://media.ancientfaith.com/searchthescriptureslive/stsl_2019-04-01.mp3?download
21:02:12,205 __main__ ERROR Error fetching download Entry Into Jerusalem link: https://media.ancientfaith.com/searchthescriptureslive/stsl_2019-04-09.mp3?download See error: %20https://media.ancientfaith.com/searchthescriptureslive/stsl_2019-04-09.mp3?download
21:02:12,904 __main__ ERROR Error fetching download Washing the Feet of the Disciples link: https://media.ancientfaith.com/searchthescriptureslive/stsl_2019-04-16.mp3?download See error: %20https://media.ancientfaith.com/searchthescriptureslive/stsl_2019-04-16.mp3?download
21:02:13,708 __main__ ERROR Error fetching download The Farewell Discourse link: https://media.ancientfaith.com/searchthescriptureslive/stsl_2019-05-07.mp3?download See error: %20https://media.ancientfaith.com/searchthescriptureslive/stsl_2019-05-07.mp3?download
21:02:14,396 __main__ ERROR Error fetching download Chapter 16 link: https://media.ancientfaith.com/searchthescriptureslive/stsl_2019-05-13.mp3?download See error: %20https://media.ancientfaith.com/searchthescriptureslive/stsl_2019-05-13.mp3?download
21:02:15,105 __main__ ERROR Error fetching download The Holy Spirit (Part 1) link: https://media.ancientfaith.com/searchthescriptureslive/stsl_2019-05-21.mp3?download See error: %20https://media.ancientfaith.com/searchthescriptureslive/stsl_2019-05-21.mp3?download
21:02:15,867 __main__ ERROR Error fetching download The Final Discourse link: https://media.ancientfaith.com/searchthescriptureslive/stsl_2019-05-27.mp3?download See error: %20https://media.ancientfaith.com/searchthescriptureslive/stsl_2019-05-27.mp3?download
21:02:16,551 __main__ ERROR Error fetching download Chapter 17 link: https://media.ancientfaith.com/searchthescriptureslive/stsl_2019-06-03.mp3?download See error: %20https://media.ancientfaith.com/searchthescriptureslive/stsl_2019-06-03.mp3?download
21:02:17,297 __main__ ERROR Error fetching download John 18 (Part 2) link: https://media.ancientfaith.com/searchthescriptureslive/stsl_2019-06-10.mp3?download See error: %20https://media.ancientfaith.com/searchthescriptureslive/stsl_2019-06-10.mp3?download
21:02:18,219 __main__ ERROR Error fetching download John 18 – The Trial Before Pilate link: https://media.ancientfaith.com/searchthescriptureslive/stsl_2019-07-08.mp3?download See error: %20https://media.ancientfaith.com/searchthescriptureslive/stsl_2019-07-08.mp3?download
21:02:18,798 __main__ ERROR Error fetching download The Trial and Crucifixion link: https://media.ancientfaith.com/searchthescriptureslive/stsl_2019-07-15.mp3?download See error: %20https://media.ancientfaith.com/searchthescriptureslive/stsl_2019-07-15.mp3?download
21:02:19,455 __main__ ERROR Error fetching download The Crucifixion and Burial of Christ link: https://media.ancientfaith.com/searchthescriptureslive/stsl_2019-07-22.mp3?download See error: %20https://media.ancientfaith.com/searchthescriptureslive/stsl_2019-07-22.mp3?download
21:02:20,186 __main__ ERROR Error fetching download Guest Co-Host Fr. John Angeli link: https://media.ancientfaith.com/searchthescriptureslive/stsl_2019-07-29.mp3?download See error: %20https://media.ancientfaith.com/searchthescriptureslive/stsl_2019-07-29.mp3?download
21:02:20,988 __main__ ERROR Error fetching download John 19 – Christ Appears to Apostles link: https://media.ancientfaith.com/searchthescriptureslive/stsl_2019-08-05.mp3?download See error: %20https://media.ancientfaith.com/searchthescriptureslive/stsl_2019-08-05.mp3?download
21:02:21,641 __main__ ERROR Error fetching download John 20 – Christ Appears link: https://media.ancientfaith.com/searchthescriptureslive/stsl_2019-08-12.mp3?download See error: %20https://media.ancientfaith.com/searchthescriptureslive/stsl_2019-08-12.mp3?download
21:02:22,440 __main__ ERROR Error fetching download  The Gospel of John – Conclusion link: https://media.ancientfaith.com/searchthescriptureslive/stsl_2019-08-19.mp3?download See error: %20https://media.ancientfaith.com/searchthescriptureslive/stsl_2019-08-19.mp3?download
21:02:23,191 __main__ ERROR Error fetching download Course on the Gospels: Part 1 link: https://media.ancientfaith.com/searchthescriptureslive/stsl_2019-09-09.mp3?download See error: %20https://media.ancientfaith.com/searchthescriptureslive/stsl_2019-09-09.mp3?download
21:02:23,945 __main__ ERROR Error fetching download Course on the Gospels: Part 2 link: https://media.ancientfaith.com/searchthescriptureslive/stsl_2019-09-16.mp3?download See error: %20https://media.ancientfaith.com/searchthescriptureslive/stsl_2019-09-16.mp3?download
21:02:24,564 __main__ ERROR Error fetching download Course on the Gospels: Part 3 link: https://media.ancientfaith.com/searchthescriptureslive/stsl_2019-09-23.mp3?download See error: %20https://media.ancientfaith.com/searchthescriptureslive/stsl_2019-09-23.mp3?download
21:02:25,992 __main__ ERROR Error fetching download The Characteristics of Matthew link: https://media.ancientfaith.com/searchthescriptureslive/stsl_2019-09-30.mp3?download See error: %20https://media.ancientfaith.com/searchthescriptureslive/stsl_2019-09-30.mp3?download
21:02:28,80 __main__ ERROR Error fetching download More on Matthew and Mark link: https://media.ancientfaith.com/searchthescriptureslive/stsl_2019-10-07.mp3?download See error: %20https://media.ancientfaith.com/searchthescriptureslive/stsl_2019-10-07.mp3?download
21:02:30,155 __main__ ERROR Error fetching download Course on the Gospels: Part 6 link: https://media.ancientfaith.com/searchthescriptureslive/stsl_2019-10-14.mp3?download See error: %20https://media.ancientfaith.com/searchthescriptureslive/stsl_2019-10-14.mp3?download
21:02:30,919 __main__ ERROR Error fetching download Gospel of St. Luke link: https://media.ancientfaith.com/searchthescriptureslive/stsl_2019-10-21.mp3?download See error: %20https://media.ancientfaith.com/searchthescriptureslive/stsl_2019-10-21.mp3?download
21:02:31,590 __main__ ERROR Error fetching download Gospels: Conclusion link: https://media.ancientfaith.com/searchthescriptureslive/stsl_2019-10-28.mp3?download See error: %20https://media.ancientfaith.com/searchthescriptureslive/stsl_2019-10-28.mp3?download
21:02:32,342 __main__ ERROR Error fetching download People Call Jesus During His Life link: https://media.ancientfaith.com/searchthescriptureslive/stsl_2019-11-04.mp3?download See error: %20https://media.ancientfaith.com/searchthescriptureslive/stsl_2019-11-04.mp3?download
21:02:32,921 __main__ ERROR Error fetching download Messiah link: https://media.ancientfaith.com/searchthescriptureslive/stsl_2019-11-11.mp3?download See error: %20https://media.ancientfaith.com/searchthescriptureslive/stsl_2019-11-11.mp3?download
21:02:33,565 __main__ ERROR Error fetching download Birth of the Forerunner John link: https://media.ancientfaith.com/searchthescriptureslive/stsl_2019-11-18.mp3?download See error: %20https://media.ancientfaith.com/searchthescriptureslive/stsl_2019-11-18.mp3?download
21:02:34,230 __main__ ERROR Error fetching download  The Annunication link: https://media.ancientfaith.com/searchthescriptureslive/stsl_2019-11-25.mp3?download See error: %20https://media.ancientfaith.com/searchthescriptureslive/stsl_2019-11-25.mp3?download
21:02:34,815 __main__ ERROR Error fetching download St. Luke and Christ’s Identity  link: https://media.ancientfaith.com/searchthescriptureslive/stsl_2019-12-02.mp3?download See error: %20https://media.ancientfaith.com/searchthescriptureslive/stsl_2019-12-02.mp3?download
21:02:35,456 __main__ ERROR Error fetching download The Virgin in our Salvation link: https://media.ancientfaith.com/searchthescriptureslive/stsl_2019-12-10.mp3?download See error: %20https://media.ancientfaith.com/searchthescriptureslive/stsl_2019-12-10.mp3?download
21:02:36,261 __main__ ERROR Error fetching download Joseph’s Genealogy link: https://media.ancientfaith.com/searchthescriptureslive/stsl_2019-12-23.mp3?download See error: %20https://media.ancientfaith.com/searchthescriptureslive/stsl_2019-12-23.mp3?download
21:02:49,326 __main__ INFO Downloading  The Star and the Wise Men... 
21:02:49,680 __main__ INFO Finished!
21:02:50,572 __main__ ERROR Error fetching download St. Paul link: https://media.ancientfaith.com/searchthescriptureslive/stsl_2020-01-06.mp3?download See error: %20https://media.ancientfaith.com/searchthescriptureslive/stsl_2020-01-06.mp3?download
21:02:51,141 __main__ ERROR Error fetching download St. Paul (Part 2) link: https://media.ancientfaith.com/searchthescriptureslive/stsl_2020-01-13.mp3?download See error: %20https://media.ancientfaith.com/searchthescriptureslive/stsl_2020-01-13.mp3?download
21:02:51,888 __main__ ERROR Error fetching download St. Paul (Part 3) link: https://media.ancientfaith.com/searchthescriptureslive/stsl_2020-01-20.mp3?download See error: %20https://media.ancientfaith.com/searchthescriptureslive/stsl_2020-01-20.mp3?download
21:02:52,552 __main__ ERROR Error fetching download 1 Thessalonians link: https://media.ancientfaith.com/searchthescriptureslive/stsl_2020-01-27.mp3?download See error: %20https://media.ancientfaith.com/searchthescriptureslive/stsl_2020-01-27.mp3?download
21:02:53,210 __main__ ERROR Error fetching download Parousia link: https://media.ancientfaith.com/searchthescriptureslive/stsl_2020-02-03.mp3?download See error: %20https://media.ancientfaith.com/searchthescriptureslive/stsl_2020-02-03.mp3?download
21:03:04,918 __main__ INFO Downloading Trouble in Corinth... 
21:03:05,261 __main__ INFO Finished!
21:03:06,199 __main__ ERROR Error fetching download I Corinthians link: https://media.ancientfaith.com/searchthescriptureslive/stsl_2020-02-17.mp3?download See error: %20https://media.ancientfaith.com/searchthescriptureslive/stsl_2020-02-17.mp3?download
21:03:06,927 __main__ ERROR Error fetching download St. Paul (Part 4) link: https://media.ancientfaith.com/searchthescriptureslive/stsl_2020-02-24.mp3?download See error: %20https://media.ancientfaith.com/searchthescriptureslive/stsl_2020-02-24.mp3?download
21:03:17,142 __main__ INFO Downloading Controversy in the Church... 
21:03:17,454 __main__ INFO Finished!
21:03:30,595 __main__ INFO Downloading What’s Wrong with the Galatians?... 
21:03:30,984 __main__ INFO Finished!
21:03:45,398 __main__ INFO Downloading Orthodox Hymn in Galatians... 
21:03:45,953 __main__ INFO Finished!
21:03:57,563 __main__ INFO Downloading The Book of Romans... 
21:03:57,860 __main__ INFO Finished!
21:04:10,12 __main__ INFO Downloading The Book of Romans (Part 2)... 
21:04:10,342 __main__ INFO Finished!
21:04:20,632 __main__ INFO Downloading Passages in the New Testament... 
21:04:20,872 __main__ INFO Finished!
21:04:21,858 __main__ ERROR Error fetching download Christians in Caesar’s Household? link: https://media.ancientfaith.com/searchthescriptureslive/stsl_2020-04-20.mp3?download See error: %20https://media.ancientfaith.com/searchthescriptureslive/stsl_2020-04-20.mp3?download
21:04:33,581 __main__ INFO Downloading Jesus, Icon of God?... 
21:04:33,916 __main__ INFO Finished!
21:04:44,621 __main__ INFO Downloading Early Heresy?... 
21:04:44,913 __main__ INFO Finished!
21:04:56,672 __main__ INFO Downloading St. Paul on Women... 
21:04:56,964 __main__ INFO Finished!
21:05:08,360 __main__ INFO Downloading Neither Male or Female in Christ?... 
21:05:08,672 __main__ INFO Finished!
21:05:22,690 __main__ INFO Downloading Church Canons Outdated? - Part 1... 
21:05:23,161 __main__ INFO Finished!
21:05:35,53 __main__ INFO Downloading Church Canons Outdated? - Part 2... 
21:05:35,436 __main__ INFO Finished!
21:05:47,204 __main__ INFO Downloading Slavery and the Early Church... 
21:05:47,482 __main__ INFO Finished!
21:06:02,667 __main__ INFO Downloading Debate Over the Book of Hebrews... 
21:06:03,135 __main__ INFO Finished!
21:06:16,104 __main__ INFO Downloading Who was Melchizedek?... 
21:06:16,506 __main__ INFO Finished!
21:06:18,351 __main__ ERROR Error fetching download Sacrifice of Christ link: https://media.ancientfaith.com/searchthescriptureslive/stsl_2020-06-29.mp3?download See error: %20https://media.ancientfaith.com/searchthescriptureslive/stsl_2020-06-29.mp3?download
21:06:38,66 __main__ INFO Downloading Is It Really Faith Vs. Works?... 
21:06:38,520 __main__ INFO Finished!
21:06:55,615 __main__ INFO Downloading What Is the Purpose of Temptation?... 
21:06:56,279 __main__ INFO Finished!
21:07:10,898 __main__ INFO Downloading Spiritual Benefit of Almsgiving... 
21:07:11,340 __main__ INFO Finished!
21:07:26,965 __main__ INFO Downloading Rock on Which the Church Is Built?... 
21:07:27,375 __main__ INFO Finished!
21:07:38,632 __main__ INFO Downloading Partakers of Divine Nature?... 
21:07:38,914 __main__ INFO Finished!
21:07:53,105 __main__ INFO Downloading John Writes About the Antichrist... 
21:07:53,518 __main__ INFO Finished!
21:07:54,809 __main__ ERROR Error fetching download Are There “Lost Books” of the Bible? link: https://media.ancientfaith.com/searchthescriptureslive/stsl_2020-08-24.mp3?download See error: %20https://media.ancientfaith.com/searchthescriptureslive/stsl_2020-08-24.mp3?download
21:08:09,96 __main__ INFO Downloading The Last Book of the Bible... 
21:08:09,516 __main__ INFO Finished!
21:08:25,161 __main__ INFO Downloading Interpret the Book of Revelation?... 
21:08:25,617 __main__ INFO Finished!
21:08:43,250 __main__ INFO Downloading Letters to the Seven Churches... 
21:08:43,944 __main__ INFO Finished!
21:09:00,780 __main__ INFO Downloading Angels, Elders, Thrones, a Sea of...... 
21:09:01,264 __main__ INFO Finished!
21:09:14,699 __main__ INFO Downloading Four Horsemen of the Apocalypse... 
21:09:14,989 __main__ INFO Finished!
21:09:34,543 __main__ INFO Downloading How Will We Know When We Have...... 
21:09:34,920 __main__ INFO Finished!
21:09:50,824 __main__ INFO Downloading Rapture and Revelation... 
21:09:51,335 __main__ INFO Finished!
21:10:08,110 __main__ INFO Downloading What Is the Mark of the Beast?... 
21:10:08,593 __main__ INFO Finished!
21:10:25,18 __main__ INFO Downloading The Emperor Cult... 
21:10:25,590 __main__ INFO Finished!
21:10:42,872 __main__ INFO Downloading Antichrist: Beast of the Sea... 
21:10:43,306 __main__ INFO Finished!
21:11:02,196 __main__ INFO Downloading Pouring Out the Plagues... 
21:11:02,699 __main__ INFO Finished!
21:11:13,961 __main__ INFO Downloading Armageddon and the Millenium... 
21:11:14,222 __main__ INFO Finished!
21:11:29,815 __main__ INFO Downloading Is Hell Eternal?... 
21:11:30,279 __main__ INFO Finished!
21:11:47,191 __main__ INFO Downloading Is Hell Eternal?: Part 2... 
21:11:47,771 __main__ INFO Finished!
21:12:00,92 __main__ INFO Downloading Life in the Kingdom of Heaven... 
21:12:00,399 __main__ INFO Finished!
21:12:16,885 __main__ INFO Downloading The Book of Romans and Faith Alone... 
21:12:17,283 __main__ INFO Finished!
21:12:18,509 __main__ ERROR Error fetching download The Early Church of Rome link: ?download See error: %20?download
21:12:19,643 __main__ ERROR Error fetching download The Early Church of Rome link: ?download See error: %20?download
21:12:37,261 __main__ INFO Downloading For I Am Not Ashamed of the Gospel... 
21:12:37,740 __main__ INFO Finished!
21:12:56,593 __main__ INFO Downloading Reason to Boast?... 
21:12:57,69 __main__ INFO Finished!
21:13:14,784 __main__ INFO Downloading Word Study: Justification... 
21:13:15,273 __main__ INFO Finished!
21:13:34,44 __main__ INFO Downloading Paul, Abraham, and the Law... 
21:13:34,470 __main__ INFO Finished!
21:13:47,691 __main__ INFO Downloading Why Did the Reformation Happen?... 
21:13:47,874 __main__ INFO Finished!
21:13:48,851 __main__ ERROR Error fetching download The Medieval Popes Continued ... link: https://media.ancientfaith.com/searchthescriptureslive/stsl_2021-02-22.mp3?download See error: %20https://media.ancientfaith.com/searchthescriptureslive/stsl_2021-02-22.mp3?download
21:13:50,144 __main__ ERROR Error fetching download Christ, Adam, and Salvation link: https://media.ancientfaith.com/searchthescriptureslive/stsl_2021-03-01.mp3?download See error: %20https://media.ancientfaith.com/searchthescriptureslive/stsl_2021-03-01.mp3?download
21:14:03,864 __main__ INFO Downloading St. Augustine’s Ideas about Sin... 
21:14:04,177 __main__ INFO Finished!
21:14:15,423 __main__ INFO Downloading Paul’s Explanation of Baptism... 
21:14:15,751 __main__ INFO Finished!
21:14:28,956 __main__ INFO Downloading From Justification to Illumination ...... 
21:14:29,270 __main__ INFO Finished!
21:14:45,524 __main__ INFO Downloading Romans 8 – Life in the Spirit... 
21:14:45,910 __main__ INFO Finished!
21:14:59,695 __main__ INFO Downloading The Rejection of Christ as Messiah... 
21:15:00,107 __main__ INFO Finished!
21:15:13,102 __main__ INFO Downloading Jesus Became a Curse?... 
21:15:13,388 __main__ INFO Finished!
21:15:25,5 __main__ INFO Downloading The Jewish Rejection of Christ... 
21:15:25,355 __main__ INFO Finished!
21:15:37,458 __main__ INFO Downloading Do Not Be Conformed to This World... 
21:15:37,748 __main__ INFO Finished!
21:15:48,945 __main__ INFO Downloading The Renewal of Your Mind ... 
21:15:49,231 __main__ INFO Finished!
21:16:02,363 __main__ INFO Downloading St. Paul the Shepherd... 
21:16:02,644 __main__ INFO Finished!
21:16:18,496 __main__ INFO Downloading Romans 12 continued... 
21:16:18,806 __main__ INFO Finished!
21:16:31,880 __main__ INFO Downloading The Divine Right of Kings?... 
21:16:32,213 __main__ INFO Finished!
21:16:54,721 __main__ INFO Downloading Romans 13:6 Authorities of God... 
21:16:55,168 __main__ INFO Finished!
21:17:05,426 __main__ INFO Downloading  Romans 13 Love is the Fulfillment ...... 
21:17:05,671 __main__ INFO Finished!
21:17:16,379 __main__ INFO Downloading Romans 14... 
21:17:16,615 __main__ INFO Finished!
21:17:28,148 __main__ INFO Downloading Romans14:5-12... 
21:17:28,388 __main__ INFO Finished!
21:17:38,289 __main__ INFO Downloading Romans 14 continued... 
21:17:38,542 __main__ INFO Finished!
21:17:47,120 __main__ INFO Downloading Romans 15... 
21:17:47,313 __main__ INFO Finished!
21:17:58,599 __main__ INFO Downloading Romans 16 ... 
21:17:58,834 __main__ INFO Finished!
21:18:00,270 __main__ ERROR Error fetching download Women in the Early Church link: https://media.ancientfaith.com/searchthescriptureslive/stsl_2021-09-07.mp3?download See error: %20https://media.ancientfaith.com/searchthescriptureslive/stsl_2021-09-07.mp3?download
21:18:09,961 __main__ INFO Downloading Romans 16... 
21:18:10,221 __main__ INFO Finished!
21:18:20,780 __main__ INFO Downloading Peter and Paul... 
21:18:20,999 __main__ INFO Finished!
21:18:30,174 __main__ INFO Downloading Questions on Enoch and Judaism... 
21:18:30,407 __main__ INFO Finished!
21:18:40,658 __main__ INFO Downloading What Must I Do to Be Saved?... 
21:18:40,937 __main__ INFO Finished!
21:18:50,374 __main__ INFO Downloading  Are These The End Times?... 
21:18:50,619 __main__ INFO Finished!
21:18:58,432 __main__ INFO Downloading Are These The End Times? PT. 2... 
21:18:58,674 __main__ INFO Finished!
21:19:07,312 __main__ INFO Downloading Are These The End Times? PT. 3... 
21:19:07,518 __main__ INFO Finished!
21:19:17,681 __main__ INFO Downloading More Random Questions... 
21:19:17,935 __main__ INFO Finished!
21:19:26,328 __main__ INFO Downloading The Passions and Spiritual Warfare... 
21:19:26,577 __main__ INFO Finished!
21:19:35,72 __main__ INFO Downloading Does God Expect Perfection... 
21:19:35,314 __main__ INFO Finished!
21:19:43,807 __main__ INFO Downloading Sin, Repentance, Salvation... 
21:19:44,12 __main__ INFO Finished!
21:19:52,855 __main__ INFO Downloading 50 Ways to Fight Temptation... 
21:19:53,105 __main__ INFO Finished!
21:20:15,859 __main__ INFO Downloading Animals in Heaven... 
21:20:16,75 __main__ INFO Finished!
21:20:17,693 __main__ ERROR Error fetching download The True Spirit of Christmas and ... link: https://media.ancientfaith.com/searchthescriptureslive/stsl_2021-12-20.mp3?download See error: %20https://media.ancientfaith.com/searchthescriptureslive/stsl_2021-12-20.mp3?download
21:20:30,181 __main__ INFO Downloading King of Glory (Part 1)... 
21:20:30,488 __main__ INFO Finished!
21:20:40,324 __main__ INFO Downloading The King of Glory (Part 2)... 
21:20:40,577 __main__ INFO Finished!
21:24:39,650 asyncio DEBUG Using selector: KqueueSelector
21:24:39,662 urllib3.connectionpool DEBUG Starting new HTTPS connection (1): orthodoxbiblestudy.info:443
21:24:41,366 urllib3.connectionpool DEBUG https://orthodoxbiblestudy.info:443 "GET / HTTP/11" 200 None
21:25:04,507 asyncio DEBUG Using selector: KqueueSelector
21:25:04,517 urllib3.connectionpool DEBUG Starting new HTTPS connection (1): orthodoxbiblestudy.info:443
21:25:05,551 urllib3.connectionpool DEBUG https://orthodoxbiblestudy.info:443 "GET / HTTP/11" 200 None
21:25:57,190 asyncio DEBUG Using selector: KqueueSelector
21:25:57,203 urllib3.connectionpool DEBUG Starting new HTTPS connection (1): orthodoxbiblestudy.info:443
21:25:58,185 urllib3.connectionpool DEBUG https://orthodoxbiblestudy.info:443 "GET / HTTP/11" 200 None
21:26:31,702 asyncio DEBUG Using selector: KqueueSelector
21:26:31,716 urllib3.connectionpool DEBUG Starting new HTTPS connection (1): orthodoxbiblestudy.info:443
21:26:32,699 urllib3.connectionpool DEBUG https://orthodoxbiblestudy.info:443 "GET / HTTP/11" 200 None
21:26:34,710 __main__ ERROR Error fetching download Women in the Early Church link: https://media.ancientfaith.com/searchthescriptureslive/stsl_2021-09-07.mp3?download See error: %20https://media.ancientfaith.com/searchthescriptureslive/stsl_2021-09-07.mp3?download
21:26:35,881 __main__ ERROR Error fetching download The True Spirit of Christmas and ... link: https://media.ancientfaith.com/searchthescriptureslive/stsl_2021-12-20.mp3?download See error: %20https://media.ancientfaith.com/searchthescriptureslive/stsl_2021-12-20.mp3?download
21:26:36,955 __main__ ERROR Error fetching download Christ, Adam, and Salvation link: https://media.ancientfaith.com/searchthescriptureslive/stsl_2021-03-01.mp3?download See error: %20https://media.ancientfaith.com/searchthescriptureslive/stsl_2021-03-01.mp3?download
21:26:37,125 __main__ ERROR Error parsing html for Search the Scriptures Live with Dr. David Ford under Bible Study: Live Lessons:'NoneType' object has no attribute 'find'
21:26:37,680 __main__ ERROR Error fetching download  The Holy Spirit (Part 2) link: https://media.ancientfaith.com/searchthescriptureslive/stsl_2022-06-20.mp3?download See error: %20https://media.ancientfaith.com/searchthescriptureslive/stsl_2022-06-20.mp3?download
21:26:38,151 __main__ ERROR Error fetching download St. Peter’s Pentecostal Sermon 2 link: https://media.ancientfaith.com/searchthescriptureslive/stsl_2022-07-25.mp3?download See error: %20https://media.ancientfaith.com/searchthescriptureslive/stsl_2022-07-25.mp3?download
21:26:40,88 __main__ ERROR Error parsing html for Search the Scriptures Live with Fr. Costas under Bible Study: Live Lessons:'NoneType' object has no attribute 'find'
21:26:42,674 __main__ ERROR Error parsing html for A Deeper Look at the Baptism of Christ under Bible Study: Live Lessons:'NoneType' object has no attribute 'get'
21:26:43,226 __main__ ERROR Error parsing html for The Sermon on the Mount under Bible Study: Live Lessons:'NoneType' object has no attribute 'get'
21:26:44,124 __main__ INFO link for Early Church Praxis doesn't seem to be an audio file, See content type: text/htmlLink: https://media.ancientfaith.com/searchthescriptureslive/stsl_2022-08-01.mp3 ?download 
21:26:46,170 __main__ ERROR Error fetching download John 4 – The Samaritans link: https://media.ancientfaith.com/searchthescriptureslive/stsl_2018-12-17.mp3?download See error: %20https://media.ancientfaith.com/searchthescriptureslive/stsl_2018-12-17.mp3?download
21:26:46,343 __main__ ERROR Error fetching download The Medieval Popes Continued ... link: https://media.ancientfaith.com/searchthescriptureslive/stsl_2021-02-22.mp3?download See error: %20https://media.ancientfaith.com/searchthescriptureslive/stsl_2021-02-22.mp3?download
21:26:47,844 __main__ ERROR Error parsing html for The Miracles of Matthew under Bible Study: Live Lessons:'NoneType' object has no attribute 'get'
21:26:48,432 __main__ ERROR Error parsing html for When You Enter a House Let Your Peace Come Upon It under Bible Study: Live Lessons:'NoneType' object has no attribute 'find'
21:26:48,809 __main__ ERROR Error fetching download Sacrifice of Christ link: https://media.ancientfaith.com/searchthescriptureslive/stsl_2020-06-29.mp3?download See error: %20https://media.ancientfaith.com/searchthescriptureslive/stsl_2020-06-29.mp3?download
21:26:49,556 __main__ ERROR Error fetching download The Good Shepherd link: https://media.ancientfaith.com/searchthescriptureslive/stsl_2019-03-18.mp3?download See error: %20https://media.ancientfaith.com/searchthescriptureslive/stsl_2019-03-18.mp3?download
21:26:49,937 __main__ ERROR Error fetching download Guest Co-Host Fr. John Angeli link: https://media.ancientfaith.com/searchthescriptureslive/stsl_2019-07-29.mp3?download See error: %20https://media.ancientfaith.com/searchthescriptureslive/stsl_2019-07-29.mp3?download
21:26:50,108 __main__ ERROR Error fetching download Entry Into Jerusalem link: https://media.ancientfaith.com/searchthescriptureslive/stsl_2019-04-09.mp3?download See error: %20https://media.ancientfaith.com/searchthescriptureslive/stsl_2019-04-09.mp3?download
21:26:50,430 __main__ ERROR Error fetching download Chapter 17 link: https://media.ancientfaith.com/searchthescriptureslive/stsl_2019-06-03.mp3?download See error: %20https://media.ancientfaith.com/searchthescriptureslive/stsl_2019-06-03.mp3?download
21:26:50,759 __main__ ERROR Error fetching download Course on the Gospels: Part 6 link: https://media.ancientfaith.com/searchthescriptureslive/stsl_2019-10-14.mp3?download See error: %20https://media.ancientfaith.com/searchthescriptureslive/stsl_2019-10-14.mp3?download
21:26:50,915 __main__ ERROR Error fetching download St. Paul link: https://media.ancientfaith.com/searchthescriptureslive/stsl_2020-01-06.mp3?download See error: %20https://media.ancientfaith.com/searchthescriptureslive/stsl_2020-01-06.mp3?download
21:26:51,560 __main__ ERROR Error fetching download The Farewell Discourse link: https://media.ancientfaith.com/searchthescriptureslive/stsl_2019-05-07.mp3?download See error: %20https://media.ancientfaith.com/searchthescriptureslive/stsl_2019-05-07.mp3?download
21:26:51,960 __main__ ERROR Error fetching download 1 Thessalonians link: https://media.ancientfaith.com/searchthescriptureslive/stsl_2020-01-27.mp3?download See error: %20https://media.ancientfaith.com/searchthescriptureslive/stsl_2020-01-27.mp3?download
21:26:52,118 __main__ ERROR Error fetching download John 8:1-11 link: https://media.ancientfaith.com/searchthescriptureslive/stsl_2019-03-04.mp3?download See error: %20https://media.ancientfaith.com/searchthescriptureslive/stsl_2019-03-04.mp3?download
21:26:52,280 __main__ ERROR Error fetching download St. Paul (Part 3) link: https://media.ancientfaith.com/searchthescriptureslive/stsl_2020-01-20.mp3?download See error: %20https://media.ancientfaith.com/searchthescriptureslive/stsl_2020-01-20.mp3?download
21:26:52,438 __main__ ERROR Error fetching download The Trial and Crucifixion link: https://media.ancientfaith.com/searchthescriptureslive/stsl_2019-07-15.mp3?download See error: %20https://media.ancientfaith.com/searchthescriptureslive/stsl_2019-07-15.mp3?download
21:26:52,606 __main__ ERROR Error fetching download St. Paul (Part 4) link: https://media.ancientfaith.com/searchthescriptureslive/stsl_2020-02-24.mp3?download See error: %20https://media.ancientfaith.com/searchthescriptureslive/stsl_2020-02-24.mp3?download
21:26:52,770 __main__ ERROR Error fetching download John 18 (Part 2) link: https://media.ancientfaith.com/searchthescriptureslive/stsl_2019-06-10.mp3?download See error: %20https://media.ancientfaith.com/searchthescriptureslive/stsl_2019-06-10.mp3?download
21:26:52,920 __main__ ERROR Error fetching download People Call Jesus During His Life link: https://media.ancientfaith.com/searchthescriptureslive/stsl_2019-11-04.mp3?download See error: %20https://media.ancientfaith.com/searchthescriptureslive/stsl_2019-11-04.mp3?download
21:26:53,141 __main__ ERROR Error fetching download Messiah link: https://media.ancientfaith.com/searchthescriptureslive/stsl_2019-11-11.mp3?download See error: %20https://media.ancientfaith.com/searchthescriptureslive/stsl_2019-11-11.mp3?download
21:26:53,337 __main__ ERROR Error fetching download John 1: Conclusion link: https://media.ancientfaith.com/searchthescriptureslive/stsl_2018-10-29.mp3?download See error: %20https://media.ancientfaith.com/searchthescriptureslive/stsl_2018-10-29.mp3?download
21:26:53,557 __main__ ERROR Error fetching download The Anointing of Christ’s Feet link: https://media.ancientfaith.com/searchthescriptureslive/stsl_2019-04-01.mp3?download See error: %20https://media.ancientfaith.com/searchthescriptureslive/stsl_2019-04-01.mp3?download
21:26:53,775 __main__ ERROR Error fetching download John 6 link: https://media.ancientfaith.com/searchthescriptureslive/stsl_2019-01-21.mp3?download See error: %20https://media.ancientfaith.com/searchthescriptureslive/stsl_2019-01-21.mp3?download
21:26:54,11 __main__ ERROR Error fetching download Parousia link: https://media.ancientfaith.com/searchthescriptureslive/stsl_2020-02-03.mp3?download See error: %20https://media.ancientfaith.com/searchthescriptureslive/stsl_2020-02-03.mp3?download
21:26:54,205 __main__ ERROR Error parsing html for The Spiritual Struggle of St. Paul under Bible Study: Live Lessons:'NoneType' object has no attribute 'get'
21:26:54,378 __main__ ERROR Error fetching download Course on the Gospels: Part 3 link: https://media.ancientfaith.com/searchthescriptureslive/stsl_2019-09-23.mp3?download See error: %20https://media.ancientfaith.com/searchthescriptureslive/stsl_2019-09-23.mp3?download
21:26:55,31 __main__ ERROR Error fetching download The Final Discourse link: https://media.ancientfaith.com/searchthescriptureslive/stsl_2019-05-27.mp3?download See error: %20https://media.ancientfaith.com/searchthescriptureslive/stsl_2019-05-27.mp3?download
21:26:55,276 __main__ ERROR Error fetching download Are There “Lost Books” of the Bible? link: https://media.ancientfaith.com/searchthescriptureslive/stsl_2020-08-24.mp3?download See error: %20https://media.ancientfaith.com/searchthescriptureslive/stsl_2020-08-24.mp3?download
21:26:55,789 __main__ ERROR Error fetching download Chapter 16 link: https://media.ancientfaith.com/searchthescriptureslive/stsl_2019-05-13.mp3?download See error: %20https://media.ancientfaith.com/searchthescriptureslive/stsl_2019-05-13.mp3?download
21:26:56,74 __main__ ERROR Error fetching download Birth of the Forerunner John link: https://media.ancientfaith.com/searchthescriptureslive/stsl_2019-11-18.mp3?download See error: %20https://media.ancientfaith.com/searchthescriptureslive/stsl_2019-11-18.mp3?download
21:26:56,261 __main__ ERROR Error fetching download Course on the Gospels: Part 1 link: https://media.ancientfaith.com/searchthescriptureslive/stsl_2019-09-09.mp3?download See error: %20https://media.ancientfaith.com/searchthescriptureslive/stsl_2019-09-09.mp3?download
21:26:56,542 __main__ ERROR Error fetching download John 7 – Feast of Tabernacles link: https://media.ancientfaith.com/searchthescriptureslive/stsl_2019-02-11.mp3?download See error: %20https://media.ancientfaith.com/searchthescriptureslive/stsl_2019-02-11.mp3?download
21:26:56,750 __main__ ERROR Error fetching download St. Paul (Part 2) link: https://media.ancientfaith.com/searchthescriptureslive/stsl_2020-01-13.mp3?download See error: %20https://media.ancientfaith.com/searchthescriptureslive/stsl_2020-01-13.mp3?download
21:26:56,932 __main__ ERROR Error fetching download  The Gospel of John – Conclusion link: https://media.ancientfaith.com/searchthescriptureslive/stsl_2019-08-19.mp3?download See error: %20https://media.ancientfaith.com/searchthescriptureslive/stsl_2019-08-19.mp3?download
21:26:57,115 __main__ ERROR Error fetching download John 1 - John the Baptist link: https://media.ancientfaith.com/searchthescriptureslive/stsl_2018-10-22.mp3?download See error: %20https://media.ancientfaith.com/searchthescriptureslive/stsl_2018-10-22.mp3?download
21:26:57,297 __main__ ERROR Error fetching download The Crucifixion and Burial of Christ link: https://media.ancientfaith.com/searchthescriptureslive/stsl_2019-07-22.mp3?download See error: %20https://media.ancientfaith.com/searchthescriptureslive/stsl_2019-07-22.mp3?download
21:26:57,463 __main__ ERROR Error fetching download The Virgin in our Salvation link: https://media.ancientfaith.com/searchthescriptureslive/stsl_2019-12-10.mp3?download See error: %20https://media.ancientfaith.com/searchthescriptureslive/stsl_2019-12-10.mp3?download
21:26:57,623 __main__ ERROR Error fetching download  The Annunication link: https://media.ancientfaith.com/searchthescriptureslive/stsl_2019-11-25.mp3?download See error: %20https://media.ancientfaith.com/searchthescriptureslive/stsl_2019-11-25.mp3?download
21:26:57,792 __main__ ERROR Error fetching download The Early Church of Rome link: ?download See error: %20?download
21:26:58,233 __main__ ERROR Error fetching download John 5:16-47 link: https://media.ancientfaith.com/searchthescriptureslive/stsl_2019-01-14.mp3?download See error: %20https://media.ancientfaith.com/searchthescriptureslive/stsl_2019-01-14.mp3?download
21:26:58,570 __main__ ERROR Error fetching download More on Matthew and Mark link: https://media.ancientfaith.com/searchthescriptureslive/stsl_2019-10-07.mp3?download See error: %20https://media.ancientfaith.com/searchthescriptureslive/stsl_2019-10-07.mp3?download
21:26:58,728 __main__ ERROR Error fetching download I Corinthians link: https://media.ancientfaith.com/searchthescriptureslive/stsl_2020-02-17.mp3?download See error: %20https://media.ancientfaith.com/searchthescriptureslive/stsl_2020-02-17.mp3?download
21:26:58,882 __main__ ERROR Error fetching download St. Luke and Christ’s Identity  link: https://media.ancientfaith.com/searchthescriptureslive/stsl_2019-12-02.mp3?download See error: %20https://media.ancientfaith.com/searchthescriptureslive/stsl_2019-12-02.mp3?download
21:26:59,43 __main__ ERROR Error fetching download John 18 – The Trial Before Pilate link: https://media.ancientfaith.com/searchthescriptureslive/stsl_2019-07-08.mp3?download See error: %20https://media.ancientfaith.com/searchthescriptureslive/stsl_2019-07-08.mp3?download
21:26:59,352 __main__ ERROR Error fetching download Christians in Caesar’s Household? link: https://media.ancientfaith.com/searchthescriptureslive/stsl_2020-04-20.mp3?download See error: %20https://media.ancientfaith.com/searchthescriptureslive/stsl_2020-04-20.mp3?download
21:26:59,512 __main__ ERROR Error fetching download The Holy Spirit (Part 1) link: https://media.ancientfaith.com/searchthescriptureslive/stsl_2019-05-21.mp3?download See error: %20https://media.ancientfaith.com/searchthescriptureslive/stsl_2019-05-21.mp3?download
21:26:59,691 __main__ ERROR Error fetching download The Raising of Lazarus link: https://media.ancientfaith.com/searchthescriptureslive/stsl_2019-03-25.mp3?download See error: %20https://media.ancientfaith.com/searchthescriptureslive/stsl_2019-03-25.mp3?download
21:26:59,883 __main__ ERROR Error fetching download  John 4:1-15 link: https://media.ancientfaith.com/searchthescriptureslive/stsl_2018-12-10.mp3?download See error: %20https://media.ancientfaith.com/searchthescriptureslive/stsl_2018-12-10.mp3?download
21:27:00,69 __main__ ERROR Error fetching download Joseph’s Genealogy link: https://media.ancientfaith.com/searchthescriptureslive/stsl_2019-12-23.mp3?download See error: %20https://media.ancientfaith.com/searchthescriptureslive/stsl_2019-12-23.mp3?download
21:27:00,243 __main__ ERROR Error fetching download John 7 (Part 2) link: https://media.ancientfaith.com/searchthescriptureslive/stsl_2019-02-18.mp3?download See error: %20https://media.ancientfaith.com/searchthescriptureslive/stsl_2019-02-18.mp3?download
21:27:00,416 __main__ ERROR Error fetching download Gospels: Conclusion link: https://media.ancientfaith.com/searchthescriptureslive/stsl_2019-10-28.mp3?download See error: %20https://media.ancientfaith.com/searchthescriptureslive/stsl_2019-10-28.mp3?download
21:27:00,602 __main__ ERROR Error fetching download Gospel of St. Luke link: https://media.ancientfaith.com/searchthescriptureslive/stsl_2019-10-21.mp3?download See error: %20https://media.ancientfaith.com/searchthescriptureslive/stsl_2019-10-21.mp3?download
21:27:01,76 __main__ ERROR Error fetching download John 19 – Christ Appears to Apostles link: https://media.ancientfaith.com/searchthescriptureslive/stsl_2019-08-05.mp3?download See error: %20https://media.ancientfaith.com/searchthescriptureslive/stsl_2019-08-05.mp3?download
21:27:01,227 __main__ ERROR Error fetching download John 6 – Bread of Life link: https://media.ancientfaith.com/searchthescriptureslive/stsl_2019-02-04.mp3?download See error: %20https://media.ancientfaith.com/searchthescriptureslive/stsl_2019-02-04.mp3?download
21:27:01,382 __main__ ERROR Error fetching download John 7 (Part 3) link: https://media.ancientfaith.com/searchthescriptureslive/stsl_2019-02-25.mp3?download See error: %20https://media.ancientfaith.com/searchthescriptureslive/stsl_2019-02-25.mp3?download
21:27:01,867 __main__ ERROR Error fetching download Washing the Feet of the Disciples link: https://media.ancientfaith.com/searchthescriptureslive/stsl_2019-04-16.mp3?download See error: %20https://media.ancientfaith.com/searchthescriptureslive/stsl_2019-04-16.mp3?download
21:27:02,17 __main__ ERROR Error fetching download The Characteristics of Matthew link: https://media.ancientfaith.com/searchthescriptureslive/stsl_2019-09-30.mp3?download See error: %20https://media.ancientfaith.com/searchthescriptureslive/stsl_2019-09-30.mp3?download
21:27:02,171 __main__ ERROR Error fetching download Course on the Gospels: Part 2 link: https://media.ancientfaith.com/searchthescriptureslive/stsl_2019-09-16.mp3?download See error: %20https://media.ancientfaith.com/searchthescriptureslive/stsl_2019-09-16.mp3?download
21:27:02,320 __main__ ERROR Error fetching download John 5 link: https://media.ancientfaith.com/searchthescriptureslive/stsl_2018-01-07.mp3?download See error: %20https://media.ancientfaith.com/searchthescriptureslive/stsl_2018-01-07.mp3?download
21:27:02,477 __main__ ERROR Error fetching download The Early Church of Rome link: ?download See error: %20?download
21:27:02,777 __main__ ERROR Error fetching download John 3:1-16 link: https://media.ancientfaith.com/searchthescriptureslive/stsl_2018-11-26.mp3?download See error: %20https://media.ancientfaith.com/searchthescriptureslive/stsl_2018-11-26.mp3?download
21:27:02,947 __main__ ERROR Error fetching download John 20 – Christ Appears link: https://media.ancientfaith.com/searchthescriptureslive/stsl_2019-08-12.mp3?download See error: %20https://media.ancientfaith.com/searchthescriptureslive/stsl_2019-08-12.mp3?download
21:27:03,119 __main__ ERROR Error fetching download The Healing of the Blind Man link: https://media.ancientfaith.com/searchthescriptureslive/stsl_2019-03-11.mp3?download See error: %20https://media.ancientfaith.com/searchthescriptureslive/stsl_2019-03-11.mp3?download
21:27:03,282 __main__ ERROR Error fetching download John 6 – Walking on Water link: https://media.ancientfaith.com/searchthescriptureslive/stsl_2019-01-28.mp3?download See error: %20https://media.ancientfaith.com/searchthescriptureslive/stsl_2019-01-28.mp3?download
21:27:45,810 asyncio DEBUG Using selector: KqueueSelector
21:27:45,823 urllib3.connectionpool DEBUG Starting new HTTPS connection (1): orthodoxbiblestudy.info:443
21:27:46,843 urllib3.connectionpool DEBUG https://orthodoxbiblestudy.info:443 "GET / HTTP/11" 200 None
21:27:49,915 __main__ ERROR Error parsing html for Search the Scriptures Live with Fr. Costas under Bible Study: Live Lessons:'NoneType' object has no attribute 'find'
21:27:50,87 __main__ ERROR Error parsing html for Search the Scriptures Live with Dr. David Ford under Bible Study: Live Lessons:'NoneType' object has no attribute 'find'
21:27:51,169 __main__ ERROR Error fetching download Christ, Adam, and Salvation link: https://media.ancientfaith.com/searchthescriptureslive/stsl_2021-03-01.mp3?download See error: %20https://media.ancientfaith.com/searchthescriptureslive/stsl_2021-03-01.mp3?download
21:27:51,347 __main__ ERROR Error fetching download Women in the Early Church link: https://media.ancientfaith.com/searchthescriptureslive/stsl_2021-09-07.mp3?download See error: %20https://media.ancientfaith.com/searchthescriptureslive/stsl_2021-09-07.mp3?download
21:27:54,414 __main__ ERROR Error fetching download The True Spirit of Christmas and ... link: https://media.ancientfaith.com/searchthescriptureslive/stsl_2021-12-20.mp3?download See error: %20https://media.ancientfaith.com/searchthescriptureslive/stsl_2021-12-20.mp3?download
21:27:55,11 __main__ ERROR Error fetching download  The Holy Spirit (Part 2) link: https://media.ancientfaith.com/searchthescriptureslive/stsl_2022-06-20.mp3?download See error: %20https://media.ancientfaith.com/searchthescriptureslive/stsl_2022-06-20.mp3?download
21:27:55,174 __main__ ERROR Error fetching download St. Peter’s Pentecostal Sermon 2 link: https://media.ancientfaith.com/searchthescriptureslive/stsl_2022-07-25.mp3?download See error: %20https://media.ancientfaith.com/searchthescriptureslive/stsl_2022-07-25.mp3?download
21:27:56,521 __main__ ERROR Error parsing html for A Deeper Look at the Baptism of Christ under Bible Study: Live Lessons:'NoneType' object has no attribute 'get'
21:27:57,27 __main__ ERROR Error parsing html for The Sermon on the Mount under Bible Study: Live Lessons:'NoneType' object has no attribute 'get'
21:27:58,921 __main__ ERROR Error parsing html for The Kingdom of Heaven Is Like... under Bible Study: Live Lessons:'NoneType' object has no attribute 'connect'
21:27:58,921 __main__ ERROR Error parsing html for Seeing They Do Not See And Hearing They Do Not Understand under Bible Study: Live Lessons:'NoneType' object has no attribute 'connect'
21:27:58,922 __main__ ERROR Error parsing html for The Multiplication of the Loaves under Bible Study: Live Lessons:'NoneType' object has no attribute 'connect'
21:27:58,922 __main__ ERROR Error parsing html for The Beheading of the Lord's Forerunner under Bible Study: Live Lessons:'NoneType' object has no attribute 'connect'
21:27:58,922 __main__ ERROR Error parsing html for "To Those Who Have More Will Be Given" under Bible Study: Live Lessons:'NoneType' object has no attribute 'connect'
21:27:58,923 __main__ ERROR Error parsing html for Why did Jesus Use Parables? under Bible Study: Live Lessons:'NoneType' object has no attribute 'connect'
21:27:58,923 __main__ ERROR Error parsing html for The Family of Jesus under Bible Study: Live Lessons:'NoneType' object has no attribute 'connect'
21:27:58,924 __main__ ERROR Error parsing html for The Kingdom of Heaven under Bible Study: Live Lessons:'NoneType' object has no attribute 'connect'
21:27:58,924 __main__ ERROR Error parsing html for Sign of Jonah under Bible Study: Live Lessons:'NoneType' object has no attribute 'connect'
21:27:58,924 __main__ ERROR Error parsing html for Idle Words under Bible Study: Live Lessons:'NoneType' object has no attribute 'connect'
21:27:58,924 __main__ ERROR Error parsing html for Treasure in Heaven under Bible Study: Live Lessons:'NoneType' object has no attribute 'connect'
21:27:58,925 __main__ ERROR Error parsing html for Judge Not Lest Ye Be Judged under Bible Study: Live Lessons:'NoneType' object has no attribute 'connect'
21:27:58,925 __main__ ERROR Error parsing html for Lead Us Not Into Temptation Part 2 under Bible Study: Live Lessons:'NoneType' object has no attribute 'connect'
21:27:58,925 __main__ ERROR Error parsing html for False Prophets under Bible Study: Live Lessons:'NoneType' object has no attribute 'connect'
21:27:58,926 __main__ ERROR Error parsing html for Forgive Us Our Trespasses under Bible Study: Live Lessons:'NoneType' object has no attribute 'connect'
21:27:58,926 __main__ ERROR Error parsing html for The Golden Rule under Bible Study: Live Lessons:'NoneType' object has no attribute 'connect'
21:27:58,927 __main__ ERROR Error parsing html for Give Us This Day Our Daily Bread under Bible Study: Live Lessons:'NoneType' object has no attribute 'connect'
21:27:58,927 __main__ ERROR Error parsing html for Thy Kingdom Come, Thy Will Be Done under Bible Study: Live Lessons:'NoneType' object has no attribute 'connect'
21:27:58,928 __main__ ERROR Error parsing html for Lead Us Not Into Temptation under Bible Study: Live Lessons:'NoneType' object has no attribute 'connect'
21:27:58,935 __main__ ERROR Error parsing html for The Sin Against the Holy Spirit under Bible Study: Live Lessons:'NoneType' object has no attribute 'connect'
21:27:58,935 __main__ ERROR Error parsing html for The Sin Against the Holy Spirit Part 2 under Bible Study: Live Lessons:'NoneType' object has no attribute 'connect'
21:27:58,936 __main__ ERROR Error parsing html for Something Greater Than The Temple under Bible Study: Live Lessons:'NoneType' object has no attribute 'connect'
21:27:58,936 __main__ ERROR Error parsing html for Hiding Christ's Teachings From the Learned and Wise under Bible Study: Live Lessons:'NoneType' object has no attribute 'connect'
21:27:58,936 __main__ ERROR Error parsing html for The Kingdom of Heaven Suffers Violence under Bible Study: Live Lessons:'NoneType' object has no attribute 'connect'
21:27:58,937 __main__ ERROR Error parsing html for John the Baptist's Strange Question under Bible Study: Live Lessons:'NoneType' object has no attribute 'connect'
21:27:58,937 __main__ ERROR Error parsing html for Picking Up Your Cross Christ or Family under Bible Study: Live Lessons:'NoneType' object has no attribute 'connect'
21:27:58,937 __main__ ERROR Error parsing html for Family Persecution Because of Christ under Bible Study: Live Lessons:'NoneType' object has no attribute 'connect'
21:27:58,938 __main__ ERROR Error parsing html for Wolves and Sheep, Serpents and Doves under Bible Study: Live Lessons:'NoneType' object has no attribute 'connect'
21:27:58,939 __main__ ERROR Error parsing html for When You Enter a House Let Your Peace Come Upon It under Bible Study: Live Lessons:'NoneType' object has no attribute 'connect'
21:27:58,942 __main__ ERROR Error parsing html for Sheep Among Wolves under Bible Study: Live Lessons:'NoneType' object has no attribute 'connect'
21:27:58,944 __main__ ERROR Error parsing html for How Many Demons? How Many Demoniacs? under Bible Study: Live Lessons:'NoneType' object has no attribute 'connect'
21:27:58,946 __main__ ERROR Error parsing html for A Man  Under Authority under Bible Study: Live Lessons:'NoneType' object has no attribute 'connect'
21:27:58,950 __main__ ERROR Error parsing html for The Miracles of Matthew under Bible Study: Live Lessons:'NoneType' object has no attribute 'connect'
21:28:55,143 asyncio DEBUG Using selector: KqueueSelector
21:28:55,158 urllib3.connectionpool DEBUG Starting new HTTPS connection (1): orthodoxbiblestudy.info:443
21:28:56,258 urllib3.connectionpool DEBUG https://orthodoxbiblestudy.info:443 "GET / HTTP/11" 200 None
21:28:56,841 __main__ ERROR Error fetching download The Light of the Transfiguration link: https://orthodoxbiblestudy.info/the-light-of-the-transfiguration/ See error: %20https://orthodoxbiblestudy.info/the-light-of-the-transfiguration/
21:29:00,724 asyncio DEBUG Using selector: KqueueSelector
21:29:00,734 urllib3.connectionpool DEBUG Starting new HTTPS connection (1): orthodoxbiblestudy.info:443
21:29:02,93 urllib3.connectionpool DEBUG https://orthodoxbiblestudy.info:443 "GET / HTTP/11" 200 None
21:29:02,681 __main__ ERROR Error fetching download The Light of the Transfiguration link: https://orthodoxbiblestudy.info/the-light-of-the-transfiguration/ See error: %20https://orthodoxbiblestudy.info/the-light-of-the-transfiguration/
21:29:19,14 asyncio DEBUG Using selector: KqueueSelector
21:29:19,25 urllib3.connectionpool DEBUG Starting new HTTPS connection (1): orthodoxbiblestudy.info:443
21:29:20,423 urllib3.connectionpool DEBUG https://orthodoxbiblestudy.info:443 "GET / HTTP/11" 200 None
21:29:21,133 __main__ ERROR Error fetching download The Light of the Transfiguration link: https://orthodoxbiblestudy.info/the-light-of-the-transfiguration/ See error: %20https://orthodoxbiblestudy.info/the-light-of-the-transfiguration/
21:31:29,161 asyncio DEBUG Using selector: KqueueSelector
21:31:29,172 urllib3.connectionpool DEBUG Starting new HTTPS connection (1): orthodoxbiblestudy.info:443
21:31:30,162 urllib3.connectionpool DEBUG https://orthodoxbiblestudy.info:443 "GET / HTTP/11" 200 None
21:31:30,754 __main__ ERROR Error fetching download The Light of the Transfiguration link: https://orthodoxbiblestudy.info/the-light-of-the-transfiguration/ See error: %20https://orthodoxbiblestudy.info/the-light-of-the-transfiguration/
